2024-05-07T11:19:06.333Z|0x3388|Using pre-set license
2024-05-07T11:19:06.334Z|0x3388|Built from '2022.3/staging' branch; Version is '2022.3.24f1 (334eb2a0b267) revision 3362482'; Using compiler version '192829333'; Build Type 'Release'
2024-05-07T11:19:06.334Z|0x3388|OS: 'Windows 11  (10.0.22631) 64bit CoreSingleLanguage' Language: 'en' Physical Memory: 16068 MB
2024-05-07T11:19:06.334Z|0x3388|BatchMode: 1, IsHumanControllingUs: 0, StartBugReporterOnCrash: 0, Is64bit: 1, IsPro: 1
2024-05-07T11:19:06.338Z|0x3388|
COMMAND LINE ARGUMENTS:
2024-05-07T11:19:06.338Z|0x3388|C:\Program Files\Unity\Hub\Editor\2022.3.24f1\Editor\Unity.exe
2024-05-07T11:19:06.338Z|0x3388|-adb2
2024-05-07T11:19:06.338Z|0x3388|-batchMode
2024-05-07T11:19:06.338Z|0x3388|-noUpm
2024-05-07T11:19:06.338Z|0x3388|-name
2024-05-07T11:19:06.338Z|0x3388|AssetImportWorker0
2024-05-07T11:19:06.338Z|0x3388|-projectPath
2024-05-07T11:19:06.338Z|0x3388|C:/Users/abc4d/Documents/MyDreamgame/Unity Projets/TTT.Client
2024-05-07T11:19:06.338Z|0x3388|-logFile
2024-05-07T11:19:06.338Z|0x3388|Logs/AssetImportWorker0.log
2024-05-07T11:19:06.338Z|0x3388|-srvPort
2024-05-07T11:19:06.338Z|0x3388|50347
2024-05-07T11:19:06.338Z|0x3388|Successfully changed project path to: C:/Users/abc4d/Documents/MyDreamgame/Unity Projets/TTT.Client
2024-05-07T11:19:06.343Z|0x3388|C:/Users/abc4d/Documents/MyDreamgame/Unity Projets/TTT.Client
2024-05-07T11:19:06.343Z|0x3388|[UnityMemory] Configuration Parameters - Can be set up in boot.config
2024-05-07T11:19:06.343Z|0x3388|    "memorysetup-bucket-allocator-granularity=16"
2024-05-07T11:19:06.343Z|0x3388|    "memorysetup-bucket-allocator-bucket-count=8"
2024-05-07T11:19:06.343Z|0x3388|    "memorysetup-bucket-allocator-block-size=33554432"
2024-05-07T11:19:06.343Z|0x3388|    "memorysetup-bucket-allocator-block-count=8"
2024-05-07T11:19:06.343Z|0x3388|    "memorysetup-main-allocator-block-size=16777216"
2024-05-07T11:19:06.343Z|0x3388|    "memorysetup-thread-allocator-block-size=16777216"
2024-05-07T11:19:06.343Z|0x3388|    "memorysetup-gfx-main-allocator-block-size=16777216"
2024-05-07T11:19:06.343Z|0x3388|    "memorysetup-gfx-thread-allocator-block-size=16777216"
2024-05-07T11:19:06.343Z|0x3388|    "memorysetup-cache-allocator-block-size=4194304"
2024-05-07T11:19:06.343Z|0x3388|    "memorysetup-typetree-allocator-block-size=2097152"
2024-05-07T11:19:06.343Z|0x3388|    "memorysetup-profiler-bucket-allocator-granularity=16"
2024-05-07T11:19:06.343Z|0x3388|    "memorysetup-profiler-bucket-allocator-bucket-count=8"
2024-05-07T11:19:06.343Z|0x3388|    "memorysetup-profiler-bucket-allocator-block-size=33554432"
2024-05-07T11:19:06.343Z|0x3388|    "memorysetup-profiler-bucket-allocator-block-count=8"
2024-05-07T11:19:06.343Z|0x3388|    "memorysetup-profiler-allocator-block-size=16777216"
2024-05-07T11:19:06.343Z|0x3388|    "memorysetup-profiler-editor-allocator-block-size=1048576"
2024-05-07T11:19:06.343Z|0x3388|    "memorysetup-temp-allocator-size-main=16777216"
2024-05-07T11:19:06.343Z|0x3388|    "memorysetup-job-temp-allocator-block-size=2097152"
2024-05-07T11:19:06.343Z|0x3388|    "memorysetup-job-temp-allocator-block-size-background=1048576"
2024-05-07T11:19:06.343Z|0x3388|    "memorysetup-job-temp-allocator-reduction-small-platforms=262144"
2024-05-07T11:19:06.343Z|0x3388|    "memorysetup-allocator-temp-initial-block-size-main=262144"
2024-05-07T11:19:06.343Z|0x3388|    "memorysetup-allocator-temp-initial-block-size-worker=262144"
2024-05-07T11:19:06.343Z|0x3388|    "memorysetup-temp-allocator-size-background-worker=32768"
2024-05-07T11:19:06.343Z|0x3388|    "memorysetup-temp-allocator-size-job-worker=262144"
2024-05-07T11:19:06.343Z|0x3388|    "memorysetup-temp-allocator-size-preload-manager=33554432"
2024-05-07T11:19:06.343Z|0x3388|    "memorysetup-temp-allocator-size-nav-mesh-worker=65536"
2024-05-07T11:19:06.343Z|0x3388|    "memorysetup-temp-allocator-size-audio-worker=65536"
2024-05-07T11:19:06.343Z|0x3388|    "memorysetup-temp-allocator-size-cloud-worker=32768"
2024-05-07T11:19:06.343Z|0x3388|    "memorysetup-temp-allocator-size-gi-baking-worker=262144"
2024-05-07T11:19:06.343Z|0x3388|    "memorysetup-temp-allocator-size-gfx=262144"
2024-05-07T11:19:06.352Z|0x3388|Player connection [13192] Host "[IP] 192.168.29.147 [Port] 0 [Flags] 2 [Guid] 2389403304 [EditorId] 2389403304 [Version] 1048832 [Id] WindowsEditor(7,Abhi) [Debug] 1 [PackageName] WindowsEditor [ProjectName] Editor" joined multi-casting on [225.0.0.222:54997]...

2024-05-07T11:19:06.352Z|0x3388|Player connection [13192] Host "[IP] 192.168.29.147 [Port] 0 [Flags] 2 [Guid] 2389403304 [EditorId] 2389403304 [Version] 1048832 [Id] WindowsEditor(7,Abhi) [Debug] 1 [PackageName] WindowsEditor [ProjectName] Editor" joined alternative multi-casting on [225.0.0.222:34997]...

2024-05-07T11:19:06.360Z|0x3388|[Physics::Module] Initialized MultithreadedJobDispatcher with 19 workers.
2024-05-07T11:19:06.497Z|0x3388|Refreshing native plugins compatible for Editor in 16.39 ms, found 4 plugins.
2024-05-07T11:19:06.497Z|0x3388|Preloading 0 native plugins for Editor in 0.00 ms.
2024-05-07T11:19:06.497Z|0x3388|Initialize engine version: 2022.3.24f1 (334eb2a0b267)
2024-05-07T11:19:06.497Z|0x3388|[Subsystems] Discovering subsystems at path C:/Program Files/Unity/Hub/Editor/2022.3.24f1/Editor/Data/Resources/UnitySubsystems
2024-05-07T11:19:06.497Z|0x3388|[Subsystems] Discovering subsystems at path C:/Users/abc4d/Documents/MyDreamgame/Unity Projets/TTT.Client/Assets
2024-05-07T11:19:06.498Z|0x3388|GfxDevice: creating device client; threaded=0; jobified=0
2024-05-07T11:19:06.691Z|0x3388|Direct3D:
2024-05-07T11:19:06.691Z|0x3388|    Version:  Direct3D 11.0 [level 11.1]
2024-05-07T11:19:06.691Z|0x3388|    Renderer: NVIDIA GeForce RTX 3060 Laptop GPU (ID=0x2560)
2024-05-07T11:19:06.691Z|0x3388|    Vendor:   NVIDIA
2024-05-07T11:19:06.691Z|0x3388|    VRAM:     5996 MB
2024-05-07T11:19:06.691Z|0x3388|    Driver:   31.0.15.5222
2024-05-07T11:19:06.871Z|0x3388|Initialize mono
2024-05-07T11:19:06.872Z|0x3388|Mono path[0] = 'C:/Program Files/Unity/Hub/Editor/2022.3.24f1/Editor/Data/Managed'
2024-05-07T11:19:06.872Z|0x3388|Mono path[1] = 'C:/Program Files/Unity/Hub/Editor/2022.3.24f1/Editor/Data/MonoBleedingEdge/lib/mono/unityjit-win32'
2024-05-07T11:19:06.872Z|0x3388|Mono config path = 'C:/Program Files/Unity/Hub/Editor/2022.3.24f1/Editor/Data/MonoBleedingEdge/etc'
2024-05-07T11:19:06.872Z|0x3388|Using monoOptions --debugger-agent=transport=dt_socket,embedding=1,server=y,suspend=n,address=127.0.0.1:56816
2024-05-07T11:19:06.932Z|0x3388|Begin MonoManager ReloadAssembly
2024-05-07T11:19:07.148Z|0x3388|Registering precompiled unity dll's ...
2024-05-07T11:19:07.152Z|0x3388|Register platform support module: C:/Program Files/Unity/Hub/Editor/2022.3.24f1/Editor/Data/PlaybackEngines/AndroidPlayer/UnityEditor.Android.Extensions.dll
2024-05-07T11:19:07.155Z|0x3388|Register platform support module: C:/Program Files/Unity/Hub/Editor/2022.3.24f1/Editor/Data/PlaybackEngines/iOSSupport/UnityEditor.iOS.Extensions.dll
2024-05-07T11:19:07.160Z|0x3388|Register platform support module: C:/Program Files/Unity/Hub/Editor/2022.3.24f1/Editor/Data/PlaybackEngines/WindowsStandaloneSupport/UnityEditor.WindowsStandalone.Extensions.dll
2024-05-07T11:19:07.163Z|0x3388|Registered in 0.015590 seconds.
2024-05-07T11:19:07.408Z|0x3388|- Loaded All Assemblies, in  0.477 seconds
2024-05-07T11:19:07.492Z|0x3388|Native extension for WindowsStandalone target not found
[usbmuxd] Start listen thread
[usbmuxd] Listen thread started
2024-05-07T11:19:07.498Z|0x3388|Native extension for iOS target not found
2024-05-07T11:19:07.514Z|0x3388|Native extension for Android target not found
2024-05-07T11:19:08.302Z|0x3388|Android Extension - Scanning For ADB Devices 708 ms2024-05-07T11:19:08.302Z|0x3388|
2024-05-07T11:19:08.706Z|0x3388|Mono: successfully reloaded assembly
2024-05-07T11:19:08.736Z|0x3388|- Finished resetting the current domain, in  1.328 seconds
2024-05-07T11:19:08.737Z|0x3388|Domain Reload Profiling: 1801ms
	BeginReloadAssembly (139ms)
		ExecutionOrderSort (0ms)
		DisableScriptedObjects (0ms)
		BackupInstance (0ms)
		ReleaseScriptingObjects (0ms)
		CreateAndSetChildDomain (1ms)
	RebuildCommonClasses (40ms)
	RebuildNativeTypeToScriptingClass (12ms)
	initialDomainReloadingComplete (83ms)
	LoadAllAssembliesAndSetupDomain (198ms)
		LoadAssemblies (137ms)
		RebuildTransferFunctionScriptingTraits (0ms)
		AnalyzeDomain (195ms)
			TypeCache.Refresh (193ms)
				TypeCache.ScanAssembly (174ms)
			ScanForSourceGeneratedMonoScriptInfo (0ms)
			ResolveRequiredComponents (1ms)
	FinalizeReload (1329ms)
		ReleaseScriptCaches (0ms)
		RebuildScriptCaches (0ms)
		SetupLoadedEditorAssemblies (1240ms)
			LogAssemblyErrors (0ms)
			InitializePlatformSupportModulesInManaged (903ms)
			SetLoadedEditorAssemblies (8ms)
			RefreshPlugins (0ms)
			BeforeProcessingInitializeOnLoad (4ms)
			ProcessInitializeOnLoadAttributes (226ms)
			ProcessInitializeOnLoadMethodAttributes (98ms)
			AfterProcessingInitializeOnLoad (0ms)
			EditorAssembliesLoaded (0ms)
		ExecutionOrderSort2 (0ms)
		AwakeInstancesAfterBackupRestoration (0ms)
2024-05-07T11:19:09.165Z|0x3388|========================================================================
2024-05-07T11:19:09.165Z|0x3388|Worker process is ready to serve import requests
2024-05-07T11:19:14.593Z|0x3388|Begin MonoManager ReloadAssembly
2024-05-07T11:19:16.207Z|0x3388|- Loaded All Assemblies, in  1.614 seconds
2024-05-07T11:19:16.219Z|0x3388|Refreshing native plugins compatible for Editor in 10.95 ms, found 4 plugins.
2024-05-07T11:19:16.546Z|0x3388|Native extension for WindowsStandalone target not found
2024-05-07T11:19:16.553Z|0x3388|Native extension for iOS target not found
2024-05-07T11:19:16.574Z|0x3388|Native extension for Android target not found
2024-05-07T11:19:17.408Z|0x3388|Package Manager log level set to [2]
2024-05-07T11:19:17.408Z|0x3388|[Package Manager] Server::EnsureServerProcessIsRunning -- launch failed, reason: Unity was launched with the -noUpm command-line argument
2024-05-07T11:19:17.408Z|0x3388|[Package Manager] UpmClient::Send -- Unable to send message (not connected to UPM process).
2024-05-07T11:19:17.408Z|0x3388|[Package Manager] Cannot connect to Unity Package Manager local server
2024-05-07T11:19:17.648Z|0x3388|Mono: successfully reloaded assembly
2024-05-07T11:19:17.692Z|0x3388|- Finished resetting the current domain, in  1.467 seconds
2024-05-07T11:19:17.694Z|0x3388|Domain Reload Profiling: 3066ms
	BeginReloadAssembly (305ms)
		ExecutionOrderSort (0ms)
		DisableScriptedObjects (10ms)
		BackupInstance (0ms)
		ReleaseScriptingObjects (0ms)
		CreateAndSetChildDomain (37ms)
	RebuildCommonClasses (72ms)
	RebuildNativeTypeToScriptingClass (21ms)
	initialDomainReloadingComplete (91ms)
	LoadAllAssembliesAndSetupDomain (1110ms)
		LoadAssemblies (837ms)
		RebuildTransferFunctionScriptingTraits (0ms)
		AnalyzeDomain (463ms)
			TypeCache.Refresh (374ms)
				TypeCache.ScanAssembly (338ms)
			ScanForSourceGeneratedMonoScriptInfo (64ms)
			ResolveRequiredComponents (23ms)
	FinalizeReload (1468ms)
		ReleaseScriptCaches (0ms)
		RebuildScriptCaches (0ms)
		SetupLoadedEditorAssemblies (1119ms)
			LogAssemblyErrors (0ms)
			InitializePlatformSupportModulesInManaged (79ms)
			SetLoadedEditorAssemblies (9ms)
			RefreshPlugins (0ms)
			BeforeProcessingInitializeOnLoad (186ms)
			ProcessInitializeOnLoadAttributes (664ms)
			ProcessInitializeOnLoadMethodAttributes (162ms)
			AfterProcessingInitializeOnLoad (18ms)
			EditorAssembliesLoaded (1ms)
		ExecutionOrderSort2 (0ms)
		AwakeInstancesAfterBackupRestoration (14ms)
2024-05-07T11:19:18.494Z|0x3388|Launched and connected shader compiler UnityShaderCompiler.exe after 0.15 seconds
2024-05-07T11:19:19.050Z|0x3388|Refreshing native plugins compatible for Editor in 11.63 ms, found 4 plugins.
2024-05-07T11:19:19.050Z|0x3388|Preloading 0 native plugins for Editor in 0.00 ms.
2024-05-07T11:19:19.102Z|0x11e0|Unloading 5941 Unused Serialized files (Serialized files now loaded: 0)
2024-05-07T11:19:19.109Z|0x3388|Unloading 103 unused Assets / (0.9 MB). Loaded Objects now: 6390.
Memory consumption went from 234.3 MB to 233.4 MB.
2024-05-07T11:19:19.110Z|0x3388|Total: 7.692900 ms (FindLiveObjects: 0.583900 ms CreateObjectMapping: 0.338500 ms MarkObjects: 5.618000 ms  DeleteObjects: 1.149700 ms)

2024-05-07T11:19:19.114Z|0x3388|AssetImportParameters requested are different than current active one (requested -> active):
2024-05-07T11:19:19.114Z|0x3388|  custom:container-demuxer-ogg: 62fdf1f143b41e24485cea50d1cbac27 -> 
2024-05-07T11:19:19.114Z|0x3388|  custom:video-codec-MediaFoundation-h265: 746d11721c4dcdbdad8f713fa42b33f4 -> 
2024-05-07T11:19:19.114Z|0x3388|  custom:video-decoder-ogg-theora: a1e56fd34408186e4bbccfd4996cb3dc -> 
2024-05-07T11:19:19.114Z|0x3388|  custom:framework-win-MediaFoundation: 216162199b28c13a410421893ffa2e32 -> 
2024-05-07T11:19:19.114Z|0x3388|  custom:CustomObjectIndexerAttribute: 72b91833f83ae208fae7752999fa3104 -> 
2024-05-07T11:19:19.114Z|0x3388|  custom:container-demuxer-webm: 4f35f7cbe854078d1ac9338744f61a02 -> 
2024-05-07T11:19:19.114Z|0x3388|  custom:container-muxer-webm: aa71ff27fc2769a1b78a27578f13a17b -> 
2024-05-07T11:19:19.114Z|0x3388|  custom:video-decoder-webm-vp8: 9c59270c3fd7afecdb556c50c9e8de78 -> 
2024-05-07T11:19:19.114Z|0x3388|  custom:SearchIndexIgnoredProperties: e643bd26f0fe6173181afceb89e7c659 -> 
2024-05-07T11:19:19.114Z|0x3388|  custom:AudioImporter_EditorPlatform: d09bf68614088b80899f8185d706f6e7 -> 
2024-05-07T11:19:19.114Z|0x3388|  custom:video-encoder-webm-vp8: eb34c28f22e8b96e1ab97ce403110664 -> 
2024-05-07T11:19:19.114Z|0x3388|  custom:audio-decoder-ogg-vorbis: bf7c407c2cedff20999df2af8eb42d56 -> 
2024-05-07T11:19:19.114Z|0x3388|  custom:audio-encoder-webm-vorbis: bf7c407c2cedff20999df2af8eb42d56 -> 
2024-05-07T11:19:19.116Z|0x3388|========================================================================
Received Import Request.
  Time since last request: 1280.162785 seconds.
  path: Assets/_Assets/_Scripts/Packet Handlers/OnStartGameHandler.cs
  artifactKey: Guid(01b3c681dfd32564e841d8357a391ad5) Importer(815301076,1909f56bfc062723c751e8b465ee728b)
2024-05-07T11:19:19.134Z|0x3388|Start importing Assets/_Assets/_Scripts/Packet Handlers/OnStartGameHandler.cs using Guid(01b3c681dfd32564e841d8357a391ad5) Importer(815301076,1909f56bfc062723c751e8b465ee728b) 2024-05-07T11:19:19.142Z|0x3388| -> (artifact id: '60f276fd308bda6606b4c9041db6ff3b') in 0.007093 seconds
2024-05-07T11:19:19.155Z|0x3388|Number of updated asset objects reloaded before import = 0
Number of asset objects unloaded after import = 0
2024-05-07T11:25:51.719Z|0x3388|========================================================================
Received Import Request.
  Time since last request: 392.566697 seconds.
  path: Assets/_Assets/_Scripts/Network Shared/Packets/Client Server/NetCancleFindOpponentRequest.cs
  artifactKey: Guid(c6a9b40466e0d6e41a09c9dc98d44ef9) Importer(815301076,1909f56bfc062723c751e8b465ee728b)
2024-05-07T11:25:51.741Z|0x3388|Start importing Assets/_Assets/_Scripts/Network Shared/Packets/Client Server/NetCancleFindOpponentRequest.cs using Guid(c6a9b40466e0d6e41a09c9dc98d44ef9) Importer(815301076,1909f56bfc062723c751e8b465ee728b) 2024-05-07T11:25:51.744Z|0x3388| -> (artifact id: '2acbef6dfa5ed447ded9453e29261bfb') in 0.001933 seconds
2024-05-07T11:25:51.744Z|0x3388|Number of updated asset objects reloaded before import = 0
Number of asset objects unloaded after import = 0
