2025-01-31T04:55:37.334Z|0x56ec|Using pre-set license
2025-01-31T04:55:37.334Z|0x56ec|Built from '6000.0/staging' branch; Version is '6000.0.28f1 (f336aca0cab5) revision 15939244'; Using compiler version '193933523'; Build Type 'Release'
2025-01-31T04:55:37.334Z|0x56ec|OS: 'Windows 11  (10.0.26100) 64bit CoreSingleLanguage' Language: 'en' Physical Memory: 16068 MB
2025-01-31T04:55:37.334Z|0x56ec|BatchMode: 1, IsHumanControllingUs: 0, StartBugReporterOnCrash: 0, Is64bit: 1, IsPro: 1
2025-01-31T04:55:37.337Z|0x56ec|
COMMAND LINE ARGUMENTS:
2025-01-31T04:55:37.337Z|0x56ec|C:\Program Files\Unity\Hub\Editor\6000.0.28f1\Editor\Unity.exe
2025-01-31T04:55:37.337Z|0x56ec|-adb2
2025-01-31T04:55:37.337Z|0x56ec|-batchMode
2025-01-31T04:55:37.337Z|0x56ec|-noUpm
2025-01-31T04:55:37.337Z|0x56ec|-name
2025-01-31T04:55:37.337Z|0x56ec|AssetImportWorker1
2025-01-31T04:55:37.337Z|0x56ec|-projectPath
2025-01-31T04:55:37.337Z|0x56ec|C:/Users/abc4d/Documents/MyDreamgame/Full StackLearning/TTT-Multiplayer-Dedicated/TTT.Client
2025-01-31T04:55:37.337Z|0x56ec|-logFile
2025-01-31T04:55:37.337Z|0x56ec|Logs/AssetImportWorker1.log
2025-01-31T04:55:37.337Z|0x56ec|-srvPort
2025-01-31T04:55:37.337Z|0x56ec|49929
2025-01-31T04:55:37.338Z|0x56ec|-job-worker-count
2025-01-31T04:55:37.338Z|0x56ec|9
2025-01-31T04:55:37.338Z|0x56ec|-background-job-worker-count
2025-01-31T04:55:37.338Z|0x56ec|8
2025-01-31T04:55:37.338Z|0x56ec|-asset-garbage-collectors
2025-01-31T04:55:37.338Z|0x56ec|1
2025-01-31T04:55:37.338Z|0x56ec|Successfully changed project path to: C:/Users/abc4d/Documents/MyDreamgame/Full StackLearning/TTT-Multiplayer-Dedicated/TTT.Client
2025-01-31T04:55:37.344Z|0x56ec|C:/Users/abc4d/Documents/MyDreamgame/Full StackLearning/TTT-Multiplayer-Dedicated/TTT.Client
2025-01-31T04:55:37.344Z|0x56ec|[UnityMemory] Configuration Parameters - Can be set up in boot.config
2025-01-31T04:55:37.344Z|0x56ec|    "memorysetup-bucket-allocator-granularity=16"
2025-01-31T04:55:37.344Z|0x56ec|    "memorysetup-bucket-allocator-bucket-count=8"
2025-01-31T04:55:37.344Z|0x56ec|    "memorysetup-bucket-allocator-block-size=33554432"
2025-01-31T04:55:37.344Z|0x56ec|    "memorysetup-bucket-allocator-block-count=8"
2025-01-31T04:55:37.344Z|0x56ec|    "memorysetup-main-allocator-block-size=16777216"
2025-01-31T04:55:37.344Z|0x56ec|    "memorysetup-thread-allocator-block-size=16777216"
2025-01-31T04:55:37.344Z|0x56ec|    "memorysetup-gfx-main-allocator-block-size=16777216"
2025-01-31T04:55:37.344Z|0x56ec|    "memorysetup-gfx-thread-allocator-block-size=16777216"
2025-01-31T04:55:37.344Z|0x56ec|    "memorysetup-cache-allocator-block-size=4194304"
2025-01-31T04:55:37.344Z|0x56ec|    "memorysetup-typetree-allocator-block-size=2097152"
2025-01-31T04:55:37.344Z|0x56ec|    "memorysetup-profiler-bucket-allocator-granularity=16"
2025-01-31T04:55:37.344Z|0x56ec|    "memorysetup-profiler-bucket-allocator-bucket-count=8"
2025-01-31T04:55:37.344Z|0x56ec|    "memorysetup-profiler-bucket-allocator-block-size=33554432"
2025-01-31T04:55:37.344Z|0x56ec|    "memorysetup-profiler-bucket-allocator-block-count=8"
2025-01-31T04:55:37.344Z|0x56ec|    "memorysetup-profiler-allocator-block-size=16777216"
2025-01-31T04:55:37.344Z|0x56ec|    "memorysetup-profiler-editor-allocator-block-size=1048576"
2025-01-31T04:55:37.344Z|0x56ec|    "memorysetup-temp-allocator-size-main=16777216"
2025-01-31T04:55:37.344Z|0x56ec|    "memorysetup-job-temp-allocator-block-size=2097152"
2025-01-31T04:55:37.344Z|0x56ec|    "memorysetup-job-temp-allocator-block-size-background=1048576"
2025-01-31T04:55:37.344Z|0x56ec|    "memorysetup-job-temp-allocator-reduction-small-platforms=262144"
2025-01-31T04:55:37.344Z|0x56ec|    "memorysetup-allocator-temp-initial-block-size-main=262144"
2025-01-31T04:55:37.344Z|0x56ec|    "memorysetup-allocator-temp-initial-block-size-worker=262144"
2025-01-31T04:55:37.344Z|0x56ec|    "memorysetup-temp-allocator-size-background-worker=32768"
2025-01-31T04:55:37.345Z|0x56ec|    "memorysetup-temp-allocator-size-job-worker=262144"
2025-01-31T04:55:37.345Z|0x56ec|    "memorysetup-temp-allocator-size-preload-manager=33554432"
2025-01-31T04:55:37.345Z|0x56ec|    "memorysetup-temp-allocator-size-nav-mesh-worker=65536"
2025-01-31T04:55:37.345Z|0x56ec|    "memorysetup-temp-allocator-size-audio-worker=65536"
2025-01-31T04:55:37.345Z|0x56ec|    "memorysetup-temp-allocator-size-cloud-worker=32768"
2025-01-31T04:55:37.345Z|0x56ec|    "memorysetup-temp-allocator-size-gi-baking-worker=262144"
2025-01-31T04:55:37.345Z|0x56ec|    "memorysetup-temp-allocator-size-gi-baking-worker=262144"
2025-01-31T04:55:37.345Z|0x56ec|    "memorysetup-temp-allocator-size-gi-baking-worker=262144"
2025-01-31T04:55:37.345Z|0x56ec|    "memorysetup-temp-allocator-size-gi-baking-worker=262144"
2025-01-31T04:55:37.345Z|0x56ec|    "memorysetup-temp-allocator-size-gi-baking-worker=262144"
2025-01-31T04:55:37.345Z|0x56ec|    "memorysetup-temp-allocator-size-gfx=262144"
2025-01-31T04:55:37.349Z|0x56ec|Player connection [22252]  Target information:

2025-01-31T04:55:37.349Z|0x56ec|Player connection [22252]  * "[IP] 192.168.0.103 [Port] 0 [Flags] 2 [Guid] 1713969526 [EditorId] 1713969526 [Version] 1048832 [Id] WindowsEditor(7,MyPrideGames) [Debug] 1 [PackageName] WindowsEditor [ProjectName] Editor" 

2025-01-31T04:55:37.350Z|0x56ec|Player connection [22252] Host joined multi-casting on [225.0.0.222:54997]...
2025-01-31T04:55:37.352Z|0x56ec|Player connection [22252] Host joined alternative multi-casting on [225.0.0.222:34997]...
2025-01-31T04:55:37.352Z|0x56ec|JobSystem: Creating JobQueue using job-worker-count value 9
2025-01-31T04:55:37.357Z|0x56ec|[Physics::Module] Initialized fallback backend.
2025-01-31T04:55:37.357Z|0x56ec|[Physics::Module] Id: 0xdecafbad
2025-01-31T04:55:37.395Z|0x56ec|Library Redirect Path: Library/
2025-01-31T04:55:37.411Z|0x56ec|[Physics::Module] Selected backend.
2025-01-31T04:55:37.411Z|0x56ec|[Physics::Module] Name: PhysX
2025-01-31T04:55:37.411Z|0x56ec|[Physics::Module] Id: 0xf2b8ea05
2025-01-31T04:55:37.411Z|0x56ec|[Physics::Module] SDK Version: 4.1.2
2025-01-31T04:55:37.411Z|0x56ec|[Physics::Module] Integration Version: 1.0.0
2025-01-31T04:55:37.411Z|0x56ec|[Physics::Module] Threading Mode: Multi-Threaded
2025-01-31T04:55:37.419Z|0x56ec|Refreshing native plugins compatible for Editor in 1.98 ms, found 4 plugins.
2025-01-31T04:55:37.419Z|0x56ec|Preloading 0 native plugins for Editor in 0.00 ms.
2025-01-31T04:55:37.419Z|0x56ec|Initialize engine version: 6000.0.28f1 (f336aca0cab5)
2025-01-31T04:55:37.419Z|0x56ec|[Subsystems] Discovering subsystems at path C:/Program Files/Unity/Hub/Editor/6000.0.28f1/Editor/Data/Resources/UnitySubsystems
2025-01-31T04:55:37.419Z|0x56ec|[Subsystems] Discovering subsystems at path C:/Users/abc4d/Documents/MyDreamgame/Full StackLearning/TTT-Multiplayer-Dedicated/TTT.Client/Assets
2025-01-31T04:55:37.420Z|0x56ec|GfxDevice: creating device client; kGfxThreadingModeNonThreaded
2025-01-31T04:55:37.591Z|0x56ec|Direct3D:
2025-01-31T04:55:37.591Z|0x56ec|    Version:  Direct3D 11.0 [level 11.1]
2025-01-31T04:55:37.591Z|0x56ec|    Renderer: NVIDIA GeForce RTX 3060 Laptop GPU (ID=0x2560)
2025-01-31T04:55:37.591Z|0x56ec|    Vendor:   NVIDIA
2025-01-31T04:55:37.591Z|0x56ec|    VRAM:     5996 MB
2025-01-31T04:55:37.591Z|0x56ec|    Driver:   32.0.15.6636
2025-01-31T04:55:37.682Z|0x56ec|Initialize mono
2025-01-31T04:55:37.682Z|0x56ec|Mono path[0] = 'C:/Program Files/Unity/Hub/Editor/6000.0.28f1/Editor/Data/Managed'
2025-01-31T04:55:37.682Z|0x56ec|Mono path[1] = 'C:/Program Files/Unity/Hub/Editor/6000.0.28f1/Editor/Data/MonoBleedingEdge/lib/mono/unityjit-win32'
2025-01-31T04:55:37.682Z|0x56ec|Mono config path = 'C:/Program Files/Unity/Hub/Editor/6000.0.28f1/Editor/Data/MonoBleedingEdge/etc'
2025-01-31T04:55:37.682Z|0x56ec|Using monoOptions --debugger-agent=transport=dt_socket,embedding=1,server=y,suspend=n,address=127.0.0.1:56412
2025-01-31T04:55:37.730Z|0x56ec|Begin MonoManager ReloadAssembly
2025-01-31T04:55:37.918Z|0x56ec|Registering precompiled unity dll's ...
2025-01-31T04:55:37.919Z|0x56ec|Register platform support module: C:/Program Files/Unity/Hub/Editor/6000.0.28f1/Editor/Data/PlaybackEngines/WindowsStandaloneSupport/UnityEditor.WindowsStandalone.Extensions.dll
2025-01-31T04:55:37.920Z|0x56ec|Register platform support module: C:/Program Files/Unity/Hub/Editor/6000.0.28f1/Editor/Data/PlaybackEngines/AndroidPlayer/UnityEditor.Android.Extensions.dll
2025-01-31T04:55:37.921Z|0x56ec|Register platform support module: C:/Program Files/Unity/Hub/Editor/6000.0.28f1/Editor/Data/PlaybackEngines/iOSSupport/UnityEditor.iOS.Extensions.dll
2025-01-31T04:55:37.923Z|0x56ec|Registered in 0.004959 seconds.
2025-01-31T04:55:38.089Z|0x56ec|- Loaded All Assemblies, in  0.359 seconds
[usbmuxd] Start listen thread
[usbmuxd] Listen thread started
2025-01-31T04:55:38.150Z|0x56ec|Native extension for iOS target not found
2025-01-31T04:55:38.175Z|0x56ec|Native extension for Android target not found
2025-01-31T04:55:38.595Z|0x56ec|Android Extension - Scanning For ADB Devices 391 ms
Native extension for WindowsStandalone target not found
2025-01-31T04:55:38.852Z|0x56ec|Mono: successfully reloaded assembly
2025-01-31T04:55:38.869Z|0x56ec|- Finished resetting the current domain, in  0.780 seconds
2025-01-31T04:55:38.870Z|0x56ec|Domain Reload Profiling: 1136ms
	BeginReloadAssembly (128ms)
		ExecutionOrderSort (0ms)
		DisableScriptedObjects (0ms)
		BackupInstance (0ms)
		ReleaseScriptingObjects (0ms)
		CreateAndSetChildDomain (1ms)
	RebuildCommonClasses (34ms)
	RebuildNativeTypeToScriptingClass (10ms)
	initialDomainReloadingComplete (45ms)
	LoadAllAssembliesAndSetupDomain (140ms)
		LoadAssemblies (123ms)
		RebuildTransferFunctionScriptingTraits (0ms)
		AnalyzeDomain (136ms)
			TypeCache.Refresh (134ms)
				TypeCache.ScanAssembly (122ms)
			BuildScriptInfoCaches (0ms)
			ResolveRequiredComponents (0ms)
	FinalizeReload (780ms)
		ReleaseScriptCaches (0ms)
		RebuildScriptCaches (0ms)
		SetupLoadedEditorAssemblies (739ms)
			LogAssemblyErrors (0ms)
			InitializePlatformSupportModulesInManaged (482ms)
			SetLoadedEditorAssemblies (3ms)
			BeforeProcessingInitializeOnLoad (8ms)
			ProcessInitializeOnLoadAttributes (161ms)
			ProcessInitializeOnLoadMethodAttributes (82ms)
			AfterProcessingInitializeOnLoad (3ms)
			EditorAssembliesLoaded (0ms)
		ExecutionOrderSort2 (0ms)
		AwakeInstancesAfterBackupRestoration (0ms)
2025-01-31T04:55:39.038Z|0x56ec|========================================================================
2025-01-31T04:55:39.038Z|0x56ec|Worker process is ready to serve import requests
2025-01-31T04:55:39.040Z|0x56ec|Import Worker Mode flag is 0x00
2025-01-31T04:55:39.170Z|0x56ec|Begin MonoManager ReloadAssembly
2025-01-31T04:55:40.111Z|0x56ec|- Loaded All Assemblies, in  0.942 seconds
2025-01-31T04:55:40.341Z|0x56ec|Refreshing native plugins compatible for Editor in 1.38 ms, found 4 plugins.
2025-01-31T04:55:40.461Z|0x56ec|Native extension for iOS target not found
2025-01-31T04:55:40.468Z|0x56ec|Native extension for Android target not found
2025-01-31T04:55:40.471Z|0x56ec|Native extension for WindowsStandalone target not found
2025-01-31T04:55:40.974Z|0x56ec|The project currently uses the compatibility mode where the Render Graph API is disabled. Support for this mode will be removed in future Unity versions. Migrate existing ScriptableRenderPasses to the new RenderGraph API. After the migration, disable the compatibility mode in Edit > Projects Settings > Graphics > Render Graph.
UnityEngine.Debug:ExtractStackTraceNoAlloc (byte*,int,string)
UnityEngine.StackTraceUtility:ExtractStackTrace ()
UnityEngine.DebugLogHandler:Internal_Log (UnityEngine.LogType,UnityEngine.LogOption,string,UnityEngine.Object)
UnityEngine.DebugLogHandler:LogFormat (UnityEngine.LogType,UnityEngine.Object,string,object[])
UnityEngine.Logger:Log (UnityEngine.LogType,object)
UnityEngine.Debug:LogWarning (object)
UnityEngine.Rendering.Universal.WarnUsingNonRenderGraph:EmitConsoleWarning () (at ./Library/PackageCache/com.unity.render-pipelines.universal/Runtime/Data/UniversalRenderPipelineAsset.cs:427)
System.Reflection.RuntimeMethodInfo:Invoke (object,System.Reflection.BindingFlags,System.Reflection.Binder,object[],System.Globalization.CultureInfo)
System.Reflection.MethodBase:Invoke (object,object[])
UnityEditor.EditorAssemblies:ProcessInitializeOnLoadMethodAttributes ()

(Filename: ./Library/PackageCache/com.unity.render-pipelines.universal/Runtime/Data/UniversalRenderPipelineAsset.cs Line: 427)

2025-01-31T04:55:41.033Z|0x56ec|Mono: successfully reloaded assembly
2025-01-31T04:55:41.184Z|0x56ec|- Finished resetting the current domain, in  0.840 seconds
2025-01-31T04:55:41.185Z|0x56ec|Domain Reload Profiling: 1777ms
	BeginReloadAssembly (355ms)
		ExecutionOrderSort (0ms)
		DisableScriptedObjects (5ms)
		BackupInstance (0ms)
		ReleaseScriptingObjects (0ms)
		CreateAndSetChildDomain (25ms)
	RebuildCommonClasses (29ms)
	RebuildNativeTypeToScriptingClass (9ms)
	initialDomainReloadingComplete (32ms)
	LoadAllAssembliesAndSetupDomain (511ms)
		LoadAssemblies (343ms)
		RebuildTransferFunctionScriptingTraits (0ms)
		AnalyzeDomain (251ms)
			TypeCache.Refresh (159ms)
				TypeCache.ScanAssembly (143ms)
			BuildScriptInfoCaches (81ms)
			ResolveRequiredComponents (9ms)
	FinalizeReload (841ms)
		ReleaseScriptCaches (0ms)
		RebuildScriptCaches (0ms)
		SetupLoadedEditorAssemblies (571ms)
			LogAssemblyErrors (0ms)
			InitializePlatformSupportModulesInManaged (14ms)
			SetLoadedEditorAssemblies (6ms)
			BeforeProcessingInitializeOnLoad (82ms)
			ProcessInitializeOnLoadAttributes (376ms)
			ProcessInitializeOnLoadMethodAttributes (85ms)
			AfterProcessingInitializeOnLoad (8ms)
			EditorAssembliesLoaded (0ms)
		ExecutionOrderSort2 (0ms)
		AwakeInstancesAfterBackupRestoration (5ms)
2025-01-31T04:55:41.408Z|0x56ec|Launched and connected shader compiler UnityShaderCompiler.exe after 0.03 seconds
2025-01-31T04:55:41.437Z|0x56ec|Refreshing native plugins compatible for Editor in 1.34 ms, found 4 plugins.
2025-01-31T04:55:41.437Z|0x56ec|Preloading 0 native plugins for Editor in 0.00 ms.
2025-01-31T04:55:41.440Z|0x2ae4|Unloading 218 Unused Serialized files (Serialized files now loaded: 0)
2025-01-31T04:55:41.450Z|0x56ec|Unloading 6362 unused Assets / (4.0 MB). Loaded Objects now: 7134.
Memory consumption went from 208.3 MB to 204.3 MB.
2025-01-31T04:55:41.450Z|0x56ec|Total: 9.107600 ms (FindLiveObjects: 0.944000 ms CreateObjectMapping: 0.555400 ms MarkObjects: 5.201700 ms  DeleteObjects: 2.404900 ms)

2025-01-31T04:56:02.009Z|0x56ec|========================================================================
2025-01-31T04:56:02.009Z|0x56ec|Received Prepare
2025-01-31T04:56:02.191Z|0x56ec|Refreshing native plugins compatible for Editor in 1.83 ms, found 4 plugins.
2025-01-31T04:56:02.191Z|0x56ec|Preloading 0 native plugins for Editor in 0.00 ms.
2025-01-31T04:56:02.191Z|0x2ae4|Unloading 14 Unused Serialized files (Serialized files now loaded: 0)
2025-01-31T04:56:02.201Z|0x56ec|Unloading 6352 unused Assets / (4.7 MB). Loaded Objects now: 7135.
Memory consumption went from 171.4 MB to 166.7 MB.
2025-01-31T04:56:02.201Z|0x56ec|Total: 9.662400 ms (FindLiveObjects: 0.613000 ms CreateObjectMapping: 0.478600 ms MarkObjects: 6.163600 ms  DeleteObjects: 2.406200 ms)

2025-01-31T04:56:02.210Z|0x56ec|Prepare: number of updated asset objects reloaded= 14
