2024-05-07T11:19:06.314Z|0x2fe0|Using pre-set license
2024-05-07T11:19:06.314Z|0x2fe0|Built from '2022.3/staging' branch; Version is '2022.3.24f1 (334eb2a0b267) revision 3362482'; Using compiler version '192829333'; Build Type 'Release'
2024-05-07T11:19:06.316Z|0x2fe0|OS: 'Windows 11  (10.0.22631) 64bit CoreSingleLanguage' Language: 'en' Physical Memory: 16068 MB
2024-05-07T11:19:06.316Z|0x2fe0|BatchMode: 1, IsHumanControllingUs: 0, StartBugReporterOnCrash: 0, Is64bit: 1, IsPro: 1
2024-05-07T11:19:06.319Z|0x2fe0|
COMMAND LINE ARGUMENTS:
2024-05-07T11:19:06.319Z|0x2fe0|C:\Program Files\Unity\Hub\Editor\2022.3.24f1\Editor\Unity.exe
2024-05-07T11:19:06.320Z|0x2fe0|-adb2
2024-05-07T11:19:06.320Z|0x2fe0|-batchMode
2024-05-07T11:19:06.320Z|0x2fe0|-noUpm
2024-05-07T11:19:06.320Z|0x2fe0|-name
2024-05-07T11:19:06.320Z|0x2fe0|AssetImportWorker1
2024-05-07T11:19:06.320Z|0x2fe0|-projectPath
2024-05-07T11:19:06.320Z|0x2fe0|C:/Users/abc4d/Documents/MyDreamgame/Unity Projets/TTT.Client
2024-05-07T11:19:06.320Z|0x2fe0|-logFile
2024-05-07T11:19:06.320Z|0x2fe0|Logs/AssetImportWorker1.log
2024-05-07T11:19:06.320Z|0x2fe0|-srvPort
2024-05-07T11:19:06.320Z|0x2fe0|50347
2024-05-07T11:19:06.320Z|0x2fe0|Successfully changed project path to: C:/Users/abc4d/Documents/MyDreamgame/Unity Projets/TTT.Client
2024-05-07T11:19:06.324Z|0x2fe0|C:/Users/abc4d/Documents/MyDreamgame/Unity Projets/TTT.Client
2024-05-07T11:19:06.324Z|0x2fe0|[UnityMemory] Configuration Parameters - Can be set up in boot.config
2024-05-07T11:19:06.324Z|0x2fe0|    "memorysetup-bucket-allocator-granularity=16"
2024-05-07T11:19:06.324Z|0x2fe0|    "memorysetup-bucket-allocator-bucket-count=8"
2024-05-07T11:19:06.324Z|0x2fe0|    "memorysetup-bucket-allocator-block-size=33554432"
2024-05-07T11:19:06.324Z|0x2fe0|    "memorysetup-bucket-allocator-block-count=8"
2024-05-07T11:19:06.324Z|0x2fe0|    "memorysetup-main-allocator-block-size=16777216"
2024-05-07T11:19:06.324Z|0x2fe0|    "memorysetup-thread-allocator-block-size=16777216"
2024-05-07T11:19:06.324Z|0x2fe0|    "memorysetup-gfx-main-allocator-block-size=16777216"
2024-05-07T11:19:06.324Z|0x2fe0|    "memorysetup-gfx-thread-allocator-block-size=16777216"
2024-05-07T11:19:06.324Z|0x2fe0|    "memorysetup-cache-allocator-block-size=4194304"
2024-05-07T11:19:06.326Z|0x2fe0|    "memorysetup-typetree-allocator-block-size=2097152"
2024-05-07T11:19:06.326Z|0x2fe0|    "memorysetup-profiler-bucket-allocator-granularity=16"
2024-05-07T11:19:06.326Z|0x2fe0|    "memorysetup-profiler-bucket-allocator-bucket-count=8"
2024-05-07T11:19:06.326Z|0x2fe0|    "memorysetup-profiler-bucket-allocator-block-size=33554432"
2024-05-07T11:19:06.326Z|0x2fe0|    "memorysetup-profiler-bucket-allocator-block-count=8"
2024-05-07T11:19:06.326Z|0x2fe0|    "memorysetup-profiler-allocator-block-size=16777216"
2024-05-07T11:19:06.326Z|0x2fe0|    "memorysetup-profiler-editor-allocator-block-size=1048576"
2024-05-07T11:19:06.326Z|0x2fe0|    "memorysetup-temp-allocator-size-main=16777216"
2024-05-07T11:19:06.326Z|0x2fe0|    "memorysetup-job-temp-allocator-block-size=2097152"
2024-05-07T11:19:06.326Z|0x2fe0|    "memorysetup-job-temp-allocator-block-size-background=1048576"
2024-05-07T11:19:06.326Z|0x2fe0|    "memorysetup-job-temp-allocator-reduction-small-platforms=262144"
2024-05-07T11:19:06.326Z|0x2fe0|    "memorysetup-allocator-temp-initial-block-size-main=262144"
2024-05-07T11:19:06.326Z|0x2fe0|    "memorysetup-allocator-temp-initial-block-size-worker=262144"
2024-05-07T11:19:06.326Z|0x2fe0|    "memorysetup-temp-allocator-size-background-worker=32768"
2024-05-07T11:19:06.326Z|0x2fe0|    "memorysetup-temp-allocator-size-job-worker=262144"
2024-05-07T11:19:06.326Z|0x2fe0|    "memorysetup-temp-allocator-size-preload-manager=33554432"
2024-05-07T11:19:06.326Z|0x2fe0|    "memorysetup-temp-allocator-size-nav-mesh-worker=65536"
2024-05-07T11:19:06.326Z|0x2fe0|    "memorysetup-temp-allocator-size-audio-worker=65536"
2024-05-07T11:19:06.326Z|0x2fe0|    "memorysetup-temp-allocator-size-cloud-worker=32768"
2024-05-07T11:19:06.326Z|0x2fe0|    "memorysetup-temp-allocator-size-gi-baking-worker=262144"
2024-05-07T11:19:06.326Z|0x2fe0|    "memorysetup-temp-allocator-size-gfx=262144"
2024-05-07T11:19:06.333Z|0x2fe0|Player connection [12256] Host "[IP] 192.168.29.147 [Port] 0 [Flags] 2 [Guid] 556195329 [EditorId] 556195329 [Version] 1048832 [Id] WindowsEditor(7,Abhi) [Debug] 1 [PackageName] WindowsEditor [ProjectName] Editor" joined multi-casting on [225.0.0.222:54997]...

2024-05-07T11:19:06.333Z|0x2fe0|Player connection [12256] Host "[IP] 192.168.29.147 [Port] 0 [Flags] 2 [Guid] 556195329 [EditorId] 556195329 [Version] 1048832 [Id] WindowsEditor(7,Abhi) [Debug] 1 [PackageName] WindowsEditor [ProjectName] Editor" joined alternative multi-casting on [225.0.0.222:34997]...

2024-05-07T11:19:06.342Z|0x2fe0|[Physics::Module] Initialized MultithreadedJobDispatcher with 19 workers.
2024-05-07T11:19:06.497Z|0x2fe0|Refreshing native plugins compatible for Editor in 23.87 ms, found 4 plugins.
2024-05-07T11:19:06.497Z|0x2fe0|Preloading 0 native plugins for Editor in 0.00 ms.
2024-05-07T11:19:06.497Z|0x2fe0|Initialize engine version: 2022.3.24f1 (334eb2a0b267)
2024-05-07T11:19:06.497Z|0x2fe0|[Subsystems] Discovering subsystems at path C:/Program Files/Unity/Hub/Editor/2022.3.24f1/Editor/Data/Resources/UnitySubsystems
2024-05-07T11:19:06.497Z|0x2fe0|[Subsystems] Discovering subsystems at path C:/Users/abc4d/Documents/MyDreamgame/Unity Projets/TTT.Client/Assets
2024-05-07T11:19:06.498Z|0x2fe0|GfxDevice: creating device client; threaded=0; jobified=0
2024-05-07T11:19:06.739Z|0x2fe0|Direct3D:
2024-05-07T11:19:06.739Z|0x2fe0|    Version:  Direct3D 11.0 [level 11.1]
2024-05-07T11:19:06.740Z|0x2fe0|    Renderer: NVIDIA GeForce RTX 3060 Laptop GPU (ID=0x2560)
2024-05-07T11:19:06.740Z|0x2fe0|    Vendor:   NVIDIA
2024-05-07T11:19:06.740Z|0x2fe0|    VRAM:     5996 MB
2024-05-07T11:19:06.740Z|0x2fe0|    Driver:   31.0.15.5222
2024-05-07T11:19:06.872Z|0x2fe0|Initialize mono
2024-05-07T11:19:06.872Z|0x2fe0|Mono path[0] = 'C:/Program Files/Unity/Hub/Editor/2022.3.24f1/Editor/Data/Managed'
2024-05-07T11:19:06.872Z|0x2fe0|Mono path[1] = 'C:/Program Files/Unity/Hub/Editor/2022.3.24f1/Editor/Data/MonoBleedingEdge/lib/mono/unityjit-win32'
2024-05-07T11:19:06.872Z|0x2fe0|Mono config path = 'C:/Program Files/Unity/Hub/Editor/2022.3.24f1/Editor/Data/MonoBleedingEdge/etc'
2024-05-07T11:19:06.872Z|0x2fe0|Using monoOptions --debugger-agent=transport=dt_socket,embedding=1,server=y,suspend=n,address=127.0.0.1:56760
2024-05-07T11:19:06.932Z|0x2fe0|Begin MonoManager ReloadAssembly
2024-05-07T11:19:07.147Z|0x2fe0|Registering precompiled unity dll's ...
2024-05-07T11:19:07.151Z|0x2fe0|Register platform support module: C:/Program Files/Unity/Hub/Editor/2022.3.24f1/Editor/Data/PlaybackEngines/AndroidPlayer/UnityEditor.Android.Extensions.dll
2024-05-07T11:19:07.155Z|0x2fe0|Register platform support module: C:/Program Files/Unity/Hub/Editor/2022.3.24f1/Editor/Data/PlaybackEngines/iOSSupport/UnityEditor.iOS.Extensions.dll
2024-05-07T11:19:07.159Z|0x2fe0|Register platform support module: C:/Program Files/Unity/Hub/Editor/2022.3.24f1/Editor/Data/PlaybackEngines/WindowsStandaloneSupport/UnityEditor.WindowsStandalone.Extensions.dll
2024-05-07T11:19:07.163Z|0x2fe0|Registered in 0.016228 seconds.
2024-05-07T11:19:07.407Z|0x2fe0|- Loaded All Assemblies, in  0.475 seconds
2024-05-07T11:19:07.492Z|0x2fe0|Native extension for WindowsStandalone target not found
[usbmuxd] Start listen thread
[usbmuxd] Listen thread started
2024-05-07T11:19:07.498Z|0x2fe0|Native extension for iOS target not found
2024-05-07T11:19:07.515Z|0x2fe0|Native extension for Android target not found
2024-05-07T11:19:08.297Z|0x2fe0|Android Extension - Scanning For ADB Devices 703 ms2024-05-07T11:19:08.297Z|0x2fe0|
2024-05-07T11:19:08.701Z|0x2fe0|Mono: successfully reloaded assembly
2024-05-07T11:19:08.732Z|0x2fe0|- Finished resetting the current domain, in  1.324 seconds
2024-05-07T11:19:08.733Z|0x2fe0|Domain Reload Profiling: 1796ms
	BeginReloadAssembly (138ms)
		ExecutionOrderSort (0ms)
		DisableScriptedObjects (0ms)
		BackupInstance (0ms)
		ReleaseScriptingObjects (0ms)
		CreateAndSetChildDomain (1ms)
	RebuildCommonClasses (40ms)
	RebuildNativeTypeToScriptingClass (12ms)
	initialDomainReloadingComplete (84ms)
	LoadAllAssembliesAndSetupDomain (197ms)
		LoadAssemblies (135ms)
		RebuildTransferFunctionScriptingTraits (0ms)
		AnalyzeDomain (193ms)
			TypeCache.Refresh (192ms)
				TypeCache.ScanAssembly (174ms)
			ScanForSourceGeneratedMonoScriptInfo (0ms)
			ResolveRequiredComponents (1ms)
	FinalizeReload (1325ms)
		ReleaseScriptCaches (0ms)
		RebuildScriptCaches (0ms)
		SetupLoadedEditorAssemblies (1235ms)
			LogAssemblyErrors (0ms)
			InitializePlatformSupportModulesInManaged (901ms)
			SetLoadedEditorAssemblies (8ms)
			RefreshPlugins (0ms)
			BeforeProcessingInitializeOnLoad (4ms)
			ProcessInitializeOnLoadAttributes (224ms)
			ProcessInitializeOnLoadMethodAttributes (97ms)
			AfterProcessingInitializeOnLoad (0ms)
			EditorAssembliesLoaded (0ms)
		ExecutionOrderSort2 (0ms)
		AwakeInstancesAfterBackupRestoration (0ms)
2024-05-07T11:19:09.179Z|0x2fe0|========================================================================
2024-05-07T11:19:09.179Z|0x2fe0|Worker process is ready to serve import requests
2024-05-07T11:19:14.590Z|0x2fe0|Begin MonoManager ReloadAssembly
2024-05-07T11:19:16.200Z|0x2fe0|- Loaded All Assemblies, in  1.609 seconds
2024-05-07T11:19:16.212Z|0x2fe0|Refreshing native plugins compatible for Editor in 11.00 ms, found 4 plugins.
2024-05-07T11:19:16.541Z|0x2fe0|Native extension for WindowsStandalone target not found
2024-05-07T11:19:16.548Z|0x2fe0|Native extension for iOS target not found
2024-05-07T11:19:16.571Z|0x2fe0|Native extension for Android target not found
2024-05-07T11:19:17.410Z|0x2fe0|Package Manager log level set to [2]
2024-05-07T11:19:17.410Z|0x2fe0|[Package Manager] Server::EnsureServerProcessIsRunning -- launch failed, reason: Unity was launched with the -noUpm command-line argument
2024-05-07T11:19:17.410Z|0x2fe0|[Package Manager] UpmClient::Send -- Unable to send message (not connected to UPM process).
2024-05-07T11:19:17.410Z|0x2fe0|[Package Manager] Cannot connect to Unity Package Manager local server
2024-05-07T11:19:17.649Z|0x2fe0|Mono: successfully reloaded assembly
2024-05-07T11:19:17.693Z|0x2fe0|- Finished resetting the current domain, in  1.470 seconds
2024-05-07T11:19:17.694Z|0x2fe0|Domain Reload Profiling: 3068ms
	BeginReloadAssembly (308ms)
		ExecutionOrderSort (0ms)
		DisableScriptedObjects (10ms)
		BackupInstance (0ms)
		ReleaseScriptingObjects (0ms)
		CreateAndSetChildDomain (36ms)
	RebuildCommonClasses (77ms)
	RebuildNativeTypeToScriptingClass (22ms)
	initialDomainReloadingComplete (92ms)
	LoadAllAssembliesAndSetupDomain (1098ms)
		LoadAssemblies (838ms)
		RebuildTransferFunctionScriptingTraits (0ms)
		AnalyzeDomain (453ms)
			TypeCache.Refresh (368ms)
				TypeCache.ScanAssembly (332ms)
			ScanForSourceGeneratedMonoScriptInfo (62ms)
			ResolveRequiredComponents (21ms)
	FinalizeReload (1472ms)
		ReleaseScriptCaches (0ms)
		RebuildScriptCaches (0ms)
		SetupLoadedEditorAssemblies (1129ms)
			LogAssemblyErrors (0ms)
			InitializePlatformSupportModulesInManaged (84ms)
			SetLoadedEditorAssemblies (8ms)
			RefreshPlugins (0ms)
			BeforeProcessingInitializeOnLoad (188ms)
			ProcessInitializeOnLoadAttributes (669ms)
			ProcessInitializeOnLoadMethodAttributes (161ms)
			AfterProcessingInitializeOnLoad (18ms)
			EditorAssembliesLoaded (1ms)
		ExecutionOrderSort2 (0ms)
		AwakeInstancesAfterBackupRestoration (13ms)
2024-05-07T11:19:18.496Z|0x2fe0|Launched and connected shader compiler UnityShaderCompiler.exe after 0.16 seconds
2024-05-07T11:19:19.050Z|0x2fe0|Refreshing native plugins compatible for Editor in 11.72 ms, found 4 plugins.
2024-05-07T11:19:19.050Z|0x2fe0|Preloading 0 native plugins for Editor in 0.00 ms.
2024-05-07T11:19:19.102Z|0x684c|Unloading 5941 Unused Serialized files (Serialized files now loaded: 0)
2024-05-07T11:19:19.109Z|0x2fe0|Unloading 103 unused Assets / (0.9 MB). Loaded Objects now: 6390.
Memory consumption went from 234.3 MB to 233.3 MB.
2024-05-07T11:19:19.110Z|0x2fe0|Total: 7.181700 ms (FindLiveObjects: 0.563400 ms CreateObjectMapping: 0.349600 ms MarkObjects: 5.601600 ms  DeleteObjects: 0.665200 ms)

2024-05-07T11:19:19.114Z|0x2fe0|AssetImportParameters requested are different than current active one (requested -> active):
2024-05-07T11:19:19.114Z|0x2fe0|  custom:container-demuxer-ogg: 62fdf1f143b41e24485cea50d1cbac27 -> 
2024-05-07T11:19:19.114Z|0x2fe0|  custom:video-codec-MediaFoundation-h265: 746d11721c4dcdbdad8f713fa42b33f4 -> 
2024-05-07T11:19:19.114Z|0x2fe0|  custom:video-decoder-ogg-theora: a1e56fd34408186e4bbccfd4996cb3dc -> 
2024-05-07T11:19:19.114Z|0x2fe0|  custom:framework-win-MediaFoundation: 216162199b28c13a410421893ffa2e32 -> 
2024-05-07T11:19:19.114Z|0x2fe0|  custom:CustomObjectIndexerAttribute: 72b91833f83ae208fae7752999fa3104 -> 
2024-05-07T11:19:19.114Z|0x2fe0|  custom:container-demuxer-webm: 4f35f7cbe854078d1ac9338744f61a02 -> 
2024-05-07T11:19:19.114Z|0x2fe0|  custom:container-muxer-webm: aa71ff27fc2769a1b78a27578f13a17b -> 
2024-05-07T11:19:19.114Z|0x2fe0|  custom:video-decoder-webm-vp8: 9c59270c3fd7afecdb556c50c9e8de78 -> 
2024-05-07T11:19:19.114Z|0x2fe0|  custom:SearchIndexIgnoredProperties: e643bd26f0fe6173181afceb89e7c659 -> 
2024-05-07T11:19:19.114Z|0x2fe0|  custom:AudioImporter_EditorPlatform: d09bf68614088b80899f8185d706f6e7 -> 
2024-05-07T11:19:19.114Z|0x2fe0|  custom:video-encoder-webm-vp8: eb34c28f22e8b96e1ab97ce403110664 -> 
2024-05-07T11:19:19.114Z|0x2fe0|  custom:audio-decoder-ogg-vorbis: bf7c407c2cedff20999df2af8eb42d56 -> 
2024-05-07T11:19:19.114Z|0x2fe0|  custom:audio-encoder-webm-vorbis: bf7c407c2cedff20999df2af8eb42d56 -> 
2024-05-07T11:19:19.116Z|0x2fe0|========================================================================
Received Import Request.
  Time since last request: 1280.162615 seconds.
  path: Assets/_Assets/_Scripts/Network Shared/Packets/Server Client/NetOnStartGame.cs
  artifactKey: Guid(ffdc6132670faff41979d6b969d6d5eb) Importer(815301076,1909f56bfc062723c751e8b465ee728b)
2024-05-07T11:19:19.134Z|0x2fe0|Start importing Assets/_Assets/_Scripts/Network Shared/Packets/Server Client/NetOnStartGame.cs using Guid(ffdc6132670faff41979d6b969d6d5eb) Importer(815301076,1909f56bfc062723c751e8b465ee728b) 2024-05-07T11:19:19.142Z|0x2fe0| -> (artifact id: 'b044a9c0ccdf1182c6c9a784a3a1ef92') in 0.007745 seconds
2024-05-07T11:19:19.156Z|0x2fe0|Number of updated asset objects reloaded before import = 0
Number of asset objects unloaded after import = 0
